  contact.c
D:\CODE\C_CODE\Contact\com.h(16,25): error C2143: 语法错误: 缺少“)”(在“*”的前面)
D:\CODE\C_CODE\Contact\com.h(16,25): error C2143: 语法错误: 缺少“{”(在“*”的前面)
D:\CODE\C_CODE\Contact\com.h(16,29): error C2059: 语法错误:“)”
D:\CODE\C_CODE\Contact\com.h(18,21): error C2143: 语法错误: 缺少“)”(在“*”的前面)
D:\CODE\C_CODE\Contact\com.h(18,21): error C2143: 语法错误: 缺少“{”(在“*”的前面)
D:\CODE\C_CODE\Contact\com.h(18,25): error C2059: 语法错误:“)”
D:\CODE\C_CODE\Contact\com.h(20,23): error C2143: 语法错误: 缺少“)”(在“*”的前面)
D:\CODE\C_CODE\Contact\com.h(20,23): error C2143: 语法错误: 缺少“{”(在“*”的前面)
D:\CODE\C_CODE\Contact\com.h(20,27): error C2059: 语法错误:“)”
D:\CODE\C_CODE\Contact\com.h(22,22): error C2143: 语法错误: 缺少“)”(在“*”的前面)
D:\CODE\C_CODE\Contact\com.h(22,22): error C2143: 语法错误: 缺少“{”(在“*”的前面)
D:\CODE\C_CODE\Contact\com.h(22,26): error C2059: 语法错误:“)”
D:\CODE\C_CODE\Contact\com.h(24,24): error C2143: 语法错误: 缺少“)”(在“*”的前面)
D:\CODE\C_CODE\Contact\com.h(24,24): error C2143: 语法错误: 缺少“{”(在“*”的前面)
D:\CODE\C_CODE\Contact\com.h(24,34): error C2059: 语法错误:“类型”
D:\CODE\C_CODE\Contact\com.h(24,45): error C2059: 语法错误:“)”
D:\CODE\C_CODE\Contact\com.h(26,24): error C2143: 语法错误: 缺少“)”(在“*”的前面)
D:\CODE\C_CODE\Contact\com.h(26,24): error C2143: 语法错误: 缺少“{”(在“*”的前面)
D:\CODE\C_CODE\Contact\com.h(26,28): error C2059: 语法错误:“)”
D:\CODE\C_CODE\Contact\com.h(28,22): error C2143: 语法错误: 缺少“)”(在“*”的前面)
D:\CODE\C_CODE\Contact\com.h(28,22): error C2143: 语法错误: 缺少“{”(在“*”的前面)
D:\CODE\C_CODE\Contact\com.h(28,32): error C2059: 语法错误:“类型”
D:\CODE\C_CODE\Contact\com.h(28,41): error C2059: 语法错误:“)”
  test.c
D:\CODE\C_CODE\Contact\com.h(16,25): error C2143: 语法错误: 缺少“)”(在“*”的前面)
D:\CODE\C_CODE\Contact\com.h(16,25): error C2143: 语法错误: 缺少“{”(在“*”的前面)
D:\CODE\C_CODE\Contact\com.h(16,29): error C2059: 语法错误:“)”
D:\CODE\C_CODE\Contact\com.h(18,21): error C2143: 语法错误: 缺少“)”(在“*”的前面)
D:\CODE\C_CODE\Contact\com.h(18,21): error C2143: 语法错误: 缺少“{”(在“*”的前面)
D:\CODE\C_CODE\Contact\com.h(18,25): error C2059: 语法错误:“)”
D:\CODE\C_CODE\Contact\com.h(20,23): error C2143: 语法错误: 缺少“)”(在“*”的前面)
D:\CODE\C_CODE\Contact\com.h(20,23): error C2143: 语法错误: 缺少“{”(在“*”的前面)
D:\CODE\C_CODE\Contact\com.h(20,27): error C2059: 语法错误:“)”
D:\CODE\C_CODE\Contact\com.h(22,22): error C2143: 语法错误: 缺少“)”(在“*”的前面)
D:\CODE\C_CODE\Contact\com.h(22,22): error C2143: 语法错误: 缺少“{”(在“*”的前面)
D:\CODE\C_CODE\Contact\com.h(22,26): error C2059: 语法错误:“)”
D:\CODE\C_CODE\Contact\com.h(24,24): error C2143: 语法错误: 缺少“)”(在“*”的前面)
D:\CODE\C_CODE\Contact\com.h(24,24): error C2143: 语法错误: 缺少“{”(在“*”的前面)
D:\CODE\C_CODE\Contact\com.h(24,34): error C2059: 语法错误:“类型”
D:\CODE\C_CODE\Contact\com.h(24,45): error C2059: 语法错误:“)”
D:\CODE\C_CODE\Contact\com.h(26,24): error C2143: 语法错误: 缺少“)”(在“*”的前面)
D:\CODE\C_CODE\Contact\com.h(26,24): error C2143: 语法错误: 缺少“{”(在“*”的前面)
D:\CODE\C_CODE\Contact\com.h(26,28): error C2059: 语法错误:“)”
D:\CODE\C_CODE\Contact\com.h(28,22): error C2143: 语法错误: 缺少“)”(在“*”的前面)
D:\CODE\C_CODE\Contact\com.h(28,22): error C2143: 语法错误: 缺少“{”(在“*”的前面)
D:\CODE\C_CODE\Contact\com.h(28,32): error C2059: 语法错误:“类型”
D:\CODE\C_CODE\Contact\com.h(28,41): error C2059: 语法错误:“)”
D:\CODE\C_CODE\Contact\test.c(32,13): warning C4013: “InitContact”未定义；假设外部返回 int
D:\CODE\C_CODE\Contact\test.c(43,11): warning C4013: “AddData”未定义；假设外部返回 int
D:\CODE\C_CODE\Contact\test.c(46,12): warning C4013: “DeleData”未定义；假设外部返回 int
D:\CODE\C_CODE\Contact\test.c(49,14): warning C4013: “ModifyData”未定义；假设外部返回 int
D:\CODE\C_CODE\Contact\test.c(55,14): warning C4013: “SearchData”未定义；假设外部返回 int
D:\CODE\C_CODE\Contact\test.c(61,12): warning C4013: “SortData”未定义；假设外部返回 int
D:\CODE\C_CODE\Contact\test.c(64,13): warning C4013: “PrintData”未定义；假设外部返回 int
  正在生成代码...
